0 info it worked if it ends with ok
1 verbose cli [ '/usr/local/bin/node',
1 verbose cli   '/usr/local/bin/npm',
1 verbose cli   'install',
1 verbose cli   '-g',
1 verbose cli   'node-inspector' ]
2 info using npm@2.14.12
3 info using node@v4.2.6
4 verbose install initial load of /usr/local/lib/package.json
5 verbose readDependencies loading dependencies from /usr/local/lib/package.json
6 silly cache add args [ 'node-inspector', null ]
7 verbose cache add spec node-inspector
8 silly cache add parsed spec Result {
8 silly cache add   raw: 'node-inspector',
8 silly cache add   scope: null,
8 silly cache add   name: 'node-inspector',
8 silly cache add   rawSpec: '',
8 silly cache add   spec: 'latest',
8 silly cache add   type: 'tag' }
9 silly addNamed node-inspector@latest
10 verbose addNamed "latest" is being treated as a dist-tag for node-inspector
11 info addNameTag [ 'node-inspector', 'latest' ]
12 silly mapToRegistry name node-inspector
13 silly mapToRegistry using default registry
14 silly mapToRegistry registry https://registry.npmjs.org/
15 silly mapToRegistry uri https://registry.npmjs.org/node-inspector
16 verbose addNameTag registry:https://registry.npmjs.org/node-inspector not in flight; fetching
17 verbose request uri https://registry.npmjs.org/node-inspector
18 verbose request no auth needed
19 info attempt registry request try #1 at 10:51:34 AM
20 verbose request id d066e21e98838d2f
21 http request GET https://registry.npmjs.org/node-inspector
22 http 200 https://registry.npmjs.org/node-inspector
23 verbose headers { server: 'nginx/1.10.1',
23 verbose headers   'content-type': 'application/json',
23 verbose headers   'last-modified': 'Sat, 10 Jun 2017 18:30:26 GMT',
23 verbose headers   etag: 'W/"593c3ac2-293f6"',
23 verbose headers   'content-encoding': 'gzip',
23 verbose headers   'cache-control': 'max-age=300',
23 verbose headers   'content-length': '16562',
23 verbose headers   'accept-ranges': 'bytes',
23 verbose headers   date: 'Sat, 17 Jun 2017 14:51:34 GMT',
23 verbose headers   via: '1.1 varnish',
23 verbose headers   age: '196',
23 verbose headers   connection: 'keep-alive',
23 verbose headers   'x-served-by': 'cache-jfk8126-JFK',
23 verbose headers   'x-cache': 'HIT',
23 verbose headers   'x-cache-hits': '1',
23 verbose headers   'x-timer': 'S1497711095.776348,VS0,VE0',
23 verbose headers   vary: 'Accept-Encoding' }
24 silly get cb [ 200,
24 silly get   { server: 'nginx/1.10.1',
24 silly get     'content-type': 'application/json',
24 silly get     'last-modified': 'Sat, 10 Jun 2017 18:30:26 GMT',
24 silly get     etag: 'W/"593c3ac2-293f6"',
24 silly get     'content-encoding': 'gzip',
24 silly get     'cache-control': 'max-age=300',
24 silly get     'content-length': '16562',
24 silly get     'accept-ranges': 'bytes',
24 silly get     date: 'Sat, 17 Jun 2017 14:51:34 GMT',
24 silly get     via: '1.1 varnish',
24 silly get     age: '196',
24 silly get     connection: 'keep-alive',
24 silly get     'x-served-by': 'cache-jfk8126-JFK',
24 silly get     'x-cache': 'HIT',
24 silly get     'x-cache-hits': '1',
24 silly get     'x-timer': 'S1497711095.776348,VS0,VE0',
24 silly get     vary: 'Accept-Encoding' } ]
25 verbose get saving node-inspector to /Users/geoffroy/.npm/registry.npmjs.org/node-inspector/.cache.json
26 silly addNameTag next cb for node-inspector with tag latest
27 silly addNamed node-inspector@1.1.1
28 verbose addNamed "1.1.1" is a plain semver version for node-inspector
29 silly mapToRegistry name node-inspector
30 silly mapToRegistry using default registry
31 silly mapToRegistry registry https://registry.npmjs.org/
32 silly mapToRegistry uri https://registry.npmjs.org/node-inspector
33 verbose addRemoteTarball https://registry.npmjs.org/node-inspector/-/node-inspector-1.1.1.tgz not in flight; adding
34 verbose addRemoteTarball [ 'https://registry.npmjs.org/node-inspector/-/node-inspector-1.1.1.tgz',
34 verbose addRemoteTarball   'e7851eb973f380543c058db564a9812055eac640' ]
35 info retry fetch attempt 1 at 10:51:34 AM
36 info attempt registry request try #1 at 10:51:34 AM
37 http fetch GET https://registry.npmjs.org/node-inspector/-/node-inspector-1.1.1.tgz
38 http fetch 200 https://registry.npmjs.org/node-inspector/-/node-inspector-1.1.1.tgz
39 silly fetchAndShaCheck shasum e7851eb973f380543c058db564a9812055eac640
40 verbose addTmpTarball /var/folders/4k/dh1mtz_n665f8fcp4rs_2lsc0000gn/T/npm-1454-feb63908/registry.npmjs.org/node-inspector/-/node-inspector-1.1.1.tgz not in flight; adding
41 verbose addTmpTarball already have metadata; skipping unpack for node-inspector@1.1.1
42 silly cache afterAdd node-inspector@1.1.1
43 verbose afterAdd /Users/geoffroy/.npm/node-inspector/1.1.1/package/package.json not in flight; writing
44 verbose afterAdd /Users/geoffroy/.npm/node-inspector/1.1.1/package/package.json written
45 silly install resolved [ { name: 'node-inspector',
45 silly install resolved     version: '1.1.1',
45 silly install resolved     description: 'Web Inspector based nodeJS debugger',
45 silly install resolved     homepage: 'http://github.com/node-inspector/node-inspector',
45 silly install resolved     author: { name: 'Danny Coates', email: 'dannycoates@gmail.com' },
45 silly install resolved     keywords: [ 'debug', 'debugger', 'inspector', 'profiler' ],
45 silly install resolved     repository:
45 silly install resolved      { type: 'git',
45 silly install resolved        url: 'git+ssh://git@github.com/node-inspector/node-inspector.git' },
45 silly install resolved     engines: { node: '>=0.8.0' },
45 silly install resolved     bin:
45 silly install resolved      { 'node-inspector': './bin/inspector.js',
45 silly install resolved        'node-debug': './bin/node-debug.js' },
45 silly install resolved     dependencies:
45 silly install resolved      { async: '~0.9',
45 silly install resolved        'biased-opener': '~0.2.2',
45 silly install resolved        debug: '^2.2.0',
45 silly install resolved        express: '^4.12.3',
45 silly install resolved        glob: '^5.0.5',
45 silly install resolved        'path-is-absolute': '^1.0.0',
45 silly install resolved        rc: '^1.0.1',
45 silly install resolved        semver: '^4.3.4',
45 silly install resolved        'serve-favicon': '^2.1.1',
45 silly install resolved        'strong-data-uri': '^1.0.0',
45 silly install resolved        'v8-debug': '~1.0.0',
45 silly install resolved        'v8-profiler': '~5.7.0',
45 silly install resolved        which: '^1.1.1',
45 silly install resolved        ws: '^1.0.1',
45 silly install resolved        yargs: '^3.9.0' },
45 silly install resolved     devDependencies:
45 silly install resolved      { chai: '^3.5.0',
45 silly install resolved        'fs-extra': '~0.8.1',
45 silly install resolved        install: '^0.8.7',
45 silly install resolved        jshint: '^2.4.4',
45 silly install resolved        mocha: '^1.21',
45 silly install resolved        npm: '^4.4.1',
45 silly install resolved        promise: '^7.0.3',
45 silly install resolved        rimraf: '^2.6.1' },
45 silly install resolved     preferGlobal: true,
45 silly install resolved     scripts:
45 silly install resolved      { pretest: 'jshint .',
45 silly install resolved        test: 'mocha',
45 silly install resolved        'generate-front-end': 'node --harmony tools/generate-front-end' },
45 silly install resolved     gitHead: '0ce3a01328802d0f74acde5a416277393427e7e1',
45 silly install resolved     bugs: { url: 'https://github.com/node-inspector/node-inspector/issues' },
45 silly install resolved     _id: 'node-inspector@1.1.1',
45 silly install resolved     _shasum: 'e7851eb973f380543c058db564a9812055eac640',
45 silly install resolved     _from: 'node-inspector@latest',
45 silly install resolved     _npmVersion: '3.10.9',
45 silly install resolved     _nodeVersion: '6.9.2',
45 silly install resolved     _npmUser: { name: 'taojie', email: '308512341@qq.com' },
45 silly install resolved     maintainers: [ [Object], [Object], [Object], [Object], [Object], [Object] ],
45 silly install resolved     dist:
45 silly install resolved      { shasum: 'e7851eb973f380543c058db564a9812055eac640',
45 silly install resolved        tarball: 'https://registry.npmjs.org/node-inspector/-/node-inspector-1.1.1.tgz' },
45 silly install resolved     _npmOperationalInternal:
45 silly install resolved      { host: 'packages-12-west.internal.npmjs.com',
45 silly install resolved        tmp: 'tmp/node-inspector-1.1.1.tgz_1493022098406_0.8141383200418204' },
45 silly install resolved     directories: {},
45 silly install resolved     _resolved: 'https://registry.npmjs.org/node-inspector/-/node-inspector-1.1.1.tgz' } ]
46 info install node-inspector@1.1.1 into /usr/local/lib
47 info installOne node-inspector@1.1.1
48 verbose installOne of node-inspector to /usr/local/lib not in flight; installing
49 verbose lock using /Users/geoffroy/.npm/_locks/node-inspector-885d0a05b8e6718d.lock for /usr/local/lib/node_modules/node-inspector
50 silly install write writing node-inspector 1.1.1 to /usr/local/lib/node_modules/node-inspector
51 verbose unbuild lib/node_modules/node-inspector
52 silly gentlyRm /usr/local/lib/node_modules/node-inspector is being purged from base /usr/local
53 verbose gentlyRm don't care about contents; nuking /usr/local/lib/node_modules/node-inspector
54 verbose tar unpack /Users/geoffroy/.npm/node-inspector/1.1.1/package.tgz
55 verbose tar unpacking to /usr/local/lib/node_modules/node-inspector
56 silly gentlyRm /usr/local/lib/node_modules/node-inspector is being purged
57 verbose gentlyRm don't care about contents; nuking /usr/local/lib/node_modules/node-inspector
58 silly gunzTarPerm modes [ '755', '644' ]
59 error tar.unpack untar error /Users/geoffroy/.npm/node-inspector/1.1.1/package.tgz
60 verbose unlock done using /Users/geoffroy/.npm/_locks/node-inspector-885d0a05b8e6718d.lock for /usr/local/lib/node_modules/node-inspector
61 verbose fstream_path /usr/local/lib/node_modules/node-inspector
62 verbose fstream_type Directory
63 verbose fstream_class DirWriter
64 verbose stack Error: EACCES: permission denied, mkdir '/usr/local/lib/node_modules/node-inspector'
64 verbose stack     at Error (native)
65 verbose fstream_stack /usr/local/lib/node_modules/npm/node_modules/fstream/lib/dir-writer.js:35:25
65 verbose fstream_stack /usr/local/lib/node_modules/npm/node_modules/mkdirp/index.js:47:53
65 verbose fstream_stack FSReqWrap.oncomplete (fs.js:82:15)
66 verbose cwd /Users/geoffroy/Dropbox (Personal)/Projects/Bonjour
67 error Darwin 15.6.0
68 error argv "/usr/local/bin/node" "/usr/local/bin/npm" "install" "-g" "node-inspector"
69 error node v4.2.6
70 error npm  v2.14.12
71 error path /usr/local/lib/node_modules/node-inspector
72 error code EACCES
73 error errno -13
74 error syscall mkdir
75 error Error: EACCES: permission denied, mkdir '/usr/local/lib/node_modules/node-inspector'
75 error     at Error (native)
75 error  { [Error: EACCES: permission denied, mkdir '/usr/local/lib/node_modules/node-inspector']
75 error   errno: -13,
75 error   code: 'EACCES',
75 error   syscall: 'mkdir',
75 error   path: '/usr/local/lib/node_modules/node-inspector',
75 error   fstream_type: 'Directory',
75 error   fstream_path: '/usr/local/lib/node_modules/node-inspector',
75 error   fstream_class: 'DirWriter',
75 error   fstream_stack:
75 error    [ '/usr/local/lib/node_modules/npm/node_modules/fstream/lib/dir-writer.js:35:25',
75 error      '/usr/local/lib/node_modules/npm/node_modules/mkdirp/index.js:47:53',
75 error      'FSReqWrap.oncomplete (fs.js:82:15)' ] }
76 error Please try running this command again as root/Administrator.
77 verbose exit [ -13, true ]
78 verbose unbuild lib/node_modules/node-inspector
79 silly gentlyRm /usr/local/lib/node_modules/node-inspector is being purged from base /usr/local
80 verbose gentlyRm don't care about contents; nuking /usr/local/lib/node_modules/node-inspector
